{"D:\\CODES\\WEB DEV\\Custom DataBase\\commands\\InsertCommand.js": {"path":"D:\\CODES\\WEB DEV\\Custom DataBase\\commands\\InsertCommand.js","statementMap":{"0":{"start":{"line":1,"column":0},"end":{"line":7,"column":1}},"1":{"start":{"line":3,"column":8},"end":{"line":3,"column":33}},"2":{"start":{"line":4,"column":8},"end":{"line":4,"column":27}}},"fnMap":{"0":{"name":"(anonymous_0)","decl":{"start":{"line":2,"column":4},"end":{"line":2,"column":5}},"loc":{"start":{"line":2,"column":35},"end":{"line":6,"column":5}},"line":2}},"branchMap":{},"s":{"0":1,"1":1,"2":1},"f":{"0":1},"b":{},"_coverageSchema":"1a1c01bbd47fc00a2c39e90264f33305004495a9","hash":"e9da6ad0bf81edc08660fe2d33307d7a8f06dc8f"}
,"D:\\CODES\\WEB DEV\\Custom DataBase\\parser\\insert.js": {"path":"D:\\CODES\\WEB DEV\\Custom DataBase\\parser\\insert.js","statementMap":{"0":{"start":{"line":2,"column":20},"end":{"line":2,"column":56}},"1":{"start":{"line":4,"column":23},"end":{"line":4,"column":31}},"2":{"start":{"line":5,"column":29},"end":{"line":5,"column":35}},"3":{"start":{"line":6,"column":14},"end":{"line":8,"column":1}},"4":{"start":{"line":10,"column":21},"end":{"line":10,"column":47}},"5":{"start":{"line":11,"column":2},"end":{"line":12,"column":9}},"6":{"start":{"line":12,"column":2},"end":{"line":12,"column":9}},"7":{"start":{"line":13,"column":20},"end":{"line":19,"column":1}},"8":{"start":{"line":14,"column":4},"end":{"line":18,"column":5}},"9":{"start":{"line":15,"column":8},"end":{"line":15,"column":29}},"10":{"start":{"line":17,"column":8},"end":{"line":17,"column":25}},"11":{"start":{"line":21,"column":17},"end":{"line":21,"column":56}},"12":{"start":{"line":22,"column":2},"end":{"line":22,"column":48}},"13":{"start":{"line":22,"column":41},"end":{"line":22,"column":48}},"14":{"start":{"line":24,"column":20},"end":{"line":24,"column":47}},"15":{"start":{"line":28,"column":2},"end":{"line":31,"column":5}},"16":{"start":{"line":33,"column":0},"end":{"line":33,"column":34}}},"fnMap":{"0":{"name":"parseInsertCommand","decl":{"start":{"line":9,"column":9},"end":{"line":9,"column":27}},"loc":{"start":{"line":9,"column":43},"end":{"line":32,"column":1}},"line":9},"1":{"name":"(anonymous_1)","decl":{"start":{"line":13,"column":20},"end":{"line":13,"column":21}},"loc":{"start":{"line":13,"column":25},"end":{"line":19,"column":1}},"line":13}},"branchMap":{"0":{"loc":{"start":{"line":11,"column":2},"end":{"line":12,"column":9}},"type":"if","locations":[{"start":{"line":11,"column":2},"end":{"line":12,"column":9}},{"start":{},"end":{}}],"line":11},"1":{"loc":{"start":{"line":22,"column":2},"end":{"line":22,"column":48}},"type":"if","locations":[{"start":{"line":22,"column":2},"end":{"line":22,"column":48}},{"start":{},"end":{}}],"line":22},"2":{"loc":{"start":{"line":22,"column":5},"end":{"line":22,"column":40}},"type":"binary-expr","locations":[{"start":{"line":22,"column":5},"end":{"line":22,"column":18}},{"start":{"line":22,"column":22},"end":{"line":22,"column":40}}],"line":22}},"s":{"0":1,"1":1,"2":1,"3":1,"4":5,"5":5,"6":3,"7":2,"8":2,"9":2,"10":1,"11":2,"12":2,"13":1,"14":1,"15":1,"16":1},"f":{"0":5,"1":2},"b":{"0":[3,2],"1":[1,1],"2":[2,2]},"_coverageSchema":"1a1c01bbd47fc00a2c39e90264f33305004495a9","hash":"4c565a3d94f872a7bc488809a969802fe24da074"}
}
