TN:
SF:commands\InsertCommand.js
FN:2,(anonymous_0)
FNF:1
FNH:1
FNDA:1,(anonymous_0)
DA:1,1
DA:3,1
DA:4,1
LF:3
LH:3
BRF:0
BRH:0
end_of_record
TN:
SF:parser\insert.js
FN:9,parseInsertCommand
FN:13,(anonymous_1)
FNF:2
FNH:2
FNDA:5,parseInsertCommand
FNDA:2,(anonymous_1)
DA:2,1
DA:4,1
DA:5,1
DA:6,1
DA:10,5
DA:11,5
DA:12,3
DA:13,2
DA:14,2
DA:15,2
DA:17,1
DA:21,2
DA:22,2
DA:24,1
DA:28,1
DA:33,1
LF:16
LH:16
BRDA:11,0,0,3
BRDA:11,0,1,2
BRDA:22,1,0,1
BRDA:22,1,1,1
BRDA:22,2,0,2
BRDA:22,2,1,2
BRF:6
BRH:6
end_of_record
